<?xml version="1.0" encoding="UTF-8"?>
<testng-results ignored="0" total="1" passed="1" failed="0" skipped="0">
  <reporter-output>
  </reporter-output>
  <suite started-at="2020-07-08T20:47:26Z" name="Default suite" finished-at="2020-07-08T20:47:39Z" duration-ms="13187">
    <groups>
    </groups>
    <test started-at="2020-07-08T20:47:26Z" name="Default test" finished-at="2020-07-08T20:47:39Z" duration-ms="13187">
      <class name="qa.test.LoginTest">
        <test-method is-config="true" signature="setup()[pri:0, instance:qa.test.LoginTest@437da279]" started-at="2020-07-08T20:47:26Z" name="setup" finished-at="2020-07-08T20:47:39Z" duration-ms="12498" status="PASS">
          <reporter-output>
          </reporter-output>
        </test-method> <!-- setup -->
        <test-method signature="getPageTitle()[pri:0, instance:qa.test.LoginTest@437da279]" started-at="2020-07-08T20:47:39Z" name="getPageTitle" finished-at="2020-07-08T20:47:39Z" duration-ms="16" status="PASS">
          <reporter-output>
          </reporter-output>
        </test-method> <!-- getPageTitle -->
        <test-method is-config="true" signature="tearDown()[pri:0, instance:qa.test.LoginTest@437da279]" started-at="2020-07-08T20:47:39Z" name="tearDown" finished-at="2020-07-08T20:47:39Z" duration-ms="647" status="PASS">
          <reporter-output>
          </reporter-output>
        </test-method> <!-- tearDown -->
      </class> <!-- qa.test.LoginTest -->
    </test> <!-- Default test -->
  </suite> <!-- Default suite -->
</testng-results>
